2023-12-09 16:07:38 [WARN][com.zaxxer.hikari.pool.HikariPool][run][788]-> HikariCPDatasource - Thread starvation or clock leap detected (housekeeper delta=43m31s821ms).
2023-12-09 16:07:38 [DEBUG][com.zaxxer.hikari.pool.HikariPool][logPoolState][421]-> HikariCPDatasource - Before cleanup stats (total=6, active=1, idle=5, waiting=0)
2023-12-09 16:07:38 [DEBUG][com.zaxxer.hikari.pool.HikariPool][logPoolState][421]-> HikariCPDatasource - After cleanup  stats (total=6, active=1, idle=5, waiting=0)
2023-12-09 16:07:38 [DEBUG][com.zaxxer.hikari.pool.HikariPool][fillPool][518]-> HikariCPDatasource - Fill pool skipped, pool is at sufficient level.
2023-12-09 16:25:10 [WARN][com.zaxxer.hikari.pool.HikariPool][run][788]-> HikariCPDatasource - Thread starvation or clock leap detected (housekeeper delta=17m31s984ms).
2023-12-09 16:25:10 [DEBUG][com.zaxxer.hikari.pool.HikariPool][logPoolState][421]-> HikariCPDatasource - Before cleanup stats (total=6, active=1, idle=5, waiting=0)
2023-12-09 16:25:10 [DEBUG][com.zaxxer.hikari.pool.HikariPool][logPoolState][421]-> HikariCPDatasource - After cleanup  stats (total=6, active=1, idle=5, waiting=0)
2023-12-09 16:25:10 [DEBUG][com.zaxxer.hikari.pool.HikariPool][fillPool][518]-> HikariCPDatasource - Fill pool skipped, pool is at sufficient level.
2023-12-09 16:53:21 [WARN][com.zaxxer.hikari.pool.HikariPool][run][788]-> HikariCPDatasource - Thread starvation or clock leap detected (housekeeper delta=28m10s714ms).
2023-12-09 16:53:21 [DEBUG][com.zaxxer.hikari.pool.HikariPool][logPoolState][421]-> HikariCPDatasource - Before cleanup stats (total=6, active=1, idle=5, waiting=0)
2023-12-09 16:53:21 [DEBUG][com.zaxxer.hikari.pool.HikariPool][logPoolState][421]-> HikariCPDatasource - After cleanup  stats (total=6, active=1, idle=5, waiting=0)
2023-12-09 16:53:21 [DEBUG][com.zaxxer.hikari.pool.HikariPool][fillPool][518]-> HikariCPDatasource - Fill pool skipped, pool is at sufficient level.
2023-12-09 16:53:51 [DEBUG][com.zaxxer.hikari.pool.HikariPool][logPoolState][421]-> HikariCPDatasource - Before cleanup stats (total=6, active=1, idle=5, waiting=0)
2023-12-09 16:53:51 [DEBUG][com.zaxxer.hikari.pool.HikariPool][logPoolState][421]-> HikariCPDatasource - After cleanup  stats (total=6, active=1, idle=5, waiting=0)
2023-12-09 16:53:51 [DEBUG][com.zaxxer.hikari.pool.HikariPool][fillPool][518]-> HikariCPDatasource - Fill pool skipped, pool is at sufficient level.
2023-12-09 16:54:21 [DEBUG][com.zaxxer.hikari.pool.HikariPool][logPoolState][421]-> HikariCPDatasource - Before cleanup stats (total=6, active=1, idle=5, waiting=0)
2023-12-09 16:54:21 [DEBUG][com.zaxxer.hikari.pool.HikariPool][logPoolState][421]-> HikariCPDatasource - After cleanup  stats (total=6, active=1, idle=5, waiting=0)
2023-12-09 16:54:21 [DEBUG][com.zaxxer.hikari.pool.HikariPool][fillPool][518]-> HikariCPDatasource - Fill pool skipped, pool is at sufficient level.
2023-12-09 16:54:51 [DEBUG][com.zaxxer.hikari.pool.HikariPool][logPoolState][421]-> HikariCPDatasource - Before cleanup stats (total=6, active=1, idle=5, waiting=0)
2023-12-09 16:54:51 [DEBUG][com.zaxxer.hikari.pool.HikariPool][logPoolState][421]-> HikariCPDatasource - After cleanup  stats (total=6, active=1, idle=5, waiting=0)
2023-12-09 16:54:51 [DEBUG][com.zaxxer.hikari.pool.HikariPool][fillPool][518]-> HikariCPDatasource - Fill pool skipped, pool is at sufficient level.
2023-12-09 16:55:21 [DEBUG][com.zaxxer.hikari.pool.HikariPool][logPoolState][421]-> HikariCPDatasource - Before cleanup stats (total=6, active=1, idle=5, waiting=0)
2023-12-09 16:55:21 [DEBUG][com.zaxxer.hikari.pool.HikariPool][logPoolState][421]-> HikariCPDatasource - After cleanup  stats (total=6, active=1, idle=5, waiting=0)
2023-12-09 16:55:21 [DEBUG][com.zaxxer.hikari.pool.HikariPool][fillPool][518]-> HikariCPDatasource - Fill pool skipped, pool is at sufficient level.
2023-12-09 16:55:51 [DEBUG][com.zaxxer.hikari.pool.HikariPool][logPoolState][421]-> HikariCPDatasource - Before cleanup stats (total=6, active=1, idle=5, waiting=0)
2023-12-09 16:55:51 [DEBUG][com.zaxxer.hikari.pool.HikariPool][logPoolState][421]-> HikariCPDatasource - After cleanup  stats (total=6, active=1, idle=5, waiting=0)
2023-12-09 16:55:51 [DEBUG][com.zaxxer.hikari.pool.HikariPool][fillPool][518]-> HikariCPDatasource - Fill pool skipped, pool is at sufficient level.
2023-12-09 16:56:21 [DEBUG][com.zaxxer.hikari.pool.HikariPool][logPoolState][421]-> HikariCPDatasource - Before cleanup stats (total=6, active=1, idle=5, waiting=0)
2023-12-09 16:56:21 [DEBUG][com.zaxxer.hikari.pool.HikariPool][logPoolState][421]-> HikariCPDatasource - After cleanup  stats (total=6, active=1, idle=5, waiting=0)
2023-12-09 16:56:21 [DEBUG][com.zaxxer.hikari.pool.HikariPool][fillPool][518]-> HikariCPDatasource - Fill pool skipped, pool is at sufficient level.
2023-12-09 16:56:29 [DEBUG][org.springframework.boot.availability.ApplicationAvailabilityBean][onApplicationEvent][77]-> Application availability state ReadinessState changed from ACCEPTING_TRAFFIC to REFUSING_TRAFFIC
2023-12-09 16:56:29 [DEBUG][org.springframework.boot.web.servlet.context.AnnotationConfigServletWebServerApplicationContext][doClose][1049]-> Closing org.springframework.boot.web.servlet.context.AnnotationConfigServletWebServerApplicationContext@495ee280, started on Wed Dec 06 20:57:59 PST 2023
2023-12-09 16:56:29 [DEBUG][org.springframework.context.support.DefaultLifecycleProcessor][stop][365]-> Stopping beans in phase 2147483647
2023-12-09 16:56:29 [DEBUG][org.springframework.context.support.DefaultLifecycleProcessor][lambda$doStop$3][238]-> Bean 'webServerGracefulShutdown' completed its stop procedure
2023-12-09 16:56:29 [DEBUG][org.springframework.context.support.DefaultLifecycleProcessor][stop][365]-> Stopping beans in phase 2147483646
2023-12-09 16:56:29 [DEBUG][org.springframework.context.support.DefaultLifecycleProcessor][lambda$doStop$3][238]-> Bean 'webServerStartStop' completed its stop procedure
2023-12-09 16:56:29 [DEBUG][org.springframework.scheduling.concurrent.ThreadPoolTaskScheduler][shutdown][218]-> Shutting down ExecutorService 'taskScheduler'
2023-12-09 16:56:29 [DEBUG][org.springframework.data.redis.listener.RedisMessageListenerContainer][stop][242]-> Stopped RedisMessageListenerContainer
2023-12-09 16:56:29 [DEBUG][io.lettuce.core.AbstractRedisClient][shutdownAsync][539]-> Initiate shutdown (100, 100, MILLISECONDS)
2023-12-09 16:56:29 [DEBUG][io.lettuce.core.resource.DefaultClientResources][shutdown][710]-> Initiate shutdown (0, 2, SECONDS)
2023-12-09 16:56:29 [DEBUG][io.lettuce.core.resource.DefaultEventLoopGroupProvider][shutdown][317]-> Initiate shutdown (0, 2, SECONDS)
2023-12-09 16:56:29 [DEBUG][org.springframework.scheduling.concurrent.ThreadPoolTaskExecutor][shutdown][218]-> Shutting down ExecutorService 'applicationTaskExecutor'
2023-12-09 16:56:29 [INFO][com.zaxxer.hikari.HikariDataSource][close][350]-> HikariCPDatasource - Shutdown initiated...
2023-12-09 16:56:29 [DEBUG][com.zaxxer.hikari.pool.HikariPool][logPoolState][421]-> HikariCPDatasource - Before shutdown stats (total=6, active=1, idle=5, waiting=0)
2023-12-09 16:56:29 [DEBUG][com.zaxxer.hikari.pool.PoolBase][quietlyCloseConnection][134]-> HikariCPDatasource - Closing connection com.mysql.cj.jdbc.ConnectionImpl@1aecfed1: (connection evicted)
2023-12-09 16:56:29 [DEBUG][com.zaxxer.hikari.pool.PoolBase][quietlyCloseConnection][134]-> HikariCPDatasource - Closing connection com.mysql.cj.jdbc.ConnectionImpl@5bd1f4ea: (connection evicted)
2023-12-09 16:56:29 [DEBUG][com.zaxxer.hikari.pool.PoolBase][quietlyCloseConnection][134]-> HikariCPDatasource - Closing connection com.mysql.cj.jdbc.ConnectionImpl@6a4089c5: (connection evicted)
2023-12-09 16:56:29 [DEBUG][com.zaxxer.hikari.pool.PoolBase][quietlyCloseConnection][134]-> HikariCPDatasource - Closing connection com.mysql.cj.jdbc.ConnectionImpl@63f989a9: (connection evicted)
2023-12-09 16:56:29 [DEBUG][com.zaxxer.hikari.pool.PoolBase][quietlyCloseConnection][134]-> HikariCPDatasource - Closing connection com.mysql.cj.jdbc.ConnectionImpl@7956e8c0: (connection evicted)
2023-12-09 16:56:29 [DEBUG][com.zaxxer.hikari.pool.HikariPool][logPoolState][421]-> HikariCPDatasource - After shutdown stats (total=0, active=0, idle=0, waiting=0)
2023-12-09 16:56:29 [INFO][com.zaxxer.hikari.HikariDataSource][close][352]-> HikariCPDatasource - Shutdown completed.
